Build started 12/18/2021 5:25:18 PM.
     1>Project "C:\Users\Matija\Desktop\Fakultet\DiplomskiRad\korisno\tpce-benchmark-tools-main\tpc-e-tool\prj\VS2010\EGenLoader.vcxproj" on node 2 (Build target(s)).
     1>C:\Program Files (x86)\MSBuild\Microsoft.Cpp\v4.0\V120\Microsoft.CppBuild.targets(388,5): warning MSB8028: The intermediate directory (..\..\obj\Debug_Win32\) contains files shared from another project (EGenBaseLoader.vcxproj, EGenDriverCELib.vcxproj, EGenDriverDMLib.vcxproj, EGenDriverMEELib.vcxproj, EGenFlatFileLoader.vcxproj, EGenGenerateAndLoad.vcxproj, EGenLogger.vcxproj, EGenMSSQLLoader.vcxproj, EGenNullLoader.vcxproj, EGenTables.vcxproj, EGenTxnHarness.vcxproj, EGenValidate.vcxproj).  This can lead to incorrect clean and rebuild behavior.
     1>ClCompile:
         C:\Program Files (x86)\Microsoft Visual Studio 12.0\VC\bin\CL.exe /c /ZI /nologo /W3 /WX- /Od /Oy- /D WIN32 /D _DEBUG /D _CONSOLE /D COMPILE_FLAT_FILE_LOAD /D COMPILE_ODBC_LOAD /D _CRT_SECURE_NO_DEPRECATE /D _BIND_TO_CURRENT_VCLIBS_VERSION /D _VC80_UPGRADE=0x0710 /D _MBCS /Gm /EHsc /RTC1 /MDd /GS /fp:precise /Zc:wchar_t /Zc:forScope /Fo"..\..\obj\Debug_Win32\\" /Fd"..\..\obj\Debug_Win32\vc120.pdb" /Gd /TP /analyze- /errorReport:prompt ..\..\src\EGenLoader.cpp
         EGenLoader.cpp
     1>Project "C:\Users\Matija\Desktop\Fakultet\DiplomskiRad\korisno\tpce-benchmark-tools-main\tpc-e-tool\prj\VS2010\EGenLoader.vcxproj" (1) is building "C:\Users\Matija\Desktop\Fakultet\DiplomskiRad\korisno\tpce-benchmark-tools-main\tpc-e-tool\prj\VS2010\EGenFlatFileLoad.vcxproj" (3:3) on node 3 (GetResolvedLinkLibs target(s)).
     3>C:\Program Files (x86)\MSBuild\Microsoft.Cpp\v4.0\V120\Microsoft.CppBuild.targets(388,5): warning MSB8028: The intermediate directory (..\..\obj\Debug_Win32\) contains files shared from another project (EGenBaseLoader.vcxproj, EGenDriverCELib.vcxproj, EGenDriverDMLib.vcxproj, EGenDriverMEELib.vcxproj, EGenGenerateAndLoad.vcxproj, EGenLoader.vcxproj, EGenLogger.vcxproj, EGenMSSQLLoader.vcxproj, EGenNullLoader.vcxproj, EGenTables.vcxproj, EGenTxnHarness.vcxproj, EGenValidate.vcxproj).  This can lead to incorrect clean and rebuild behavior.
     1>Project "C:\Users\Matija\Desktop\Fakultet\DiplomskiRad\korisno\tpce-benchmark-tools-main\tpc-e-tool\prj\VS2010\EGenLoader.vcxproj" (1) is building "C:\Users\Matija\Desktop\Fakultet\DiplomskiRad\korisno\tpce-benchmark-tools-main\tpc-e-tool\prj\VS2010\EGenLogger.vcxproj" (7:3) on node 4 (GetResolvedLinkLibs target(s)).
     7>C:\Program Files (x86)\MSBuild\Microsoft.Cpp\v4.0\V120\Microsoft.CppBuild.targets(388,5): warning MSB8028: The intermediate directory (..\..\obj\Debug_Win32\) contains files shared from another project (EGenBaseLoader.vcxproj, EGenDriverCELib.vcxproj, EGenDriverDMLib.vcxproj, EGenDriverMEELib.vcxproj, EGenFlatFileLoader.vcxproj, EGenGenerateAndLoad.vcxproj, EGenLoader.vcxproj, EGenMSSQLLoader.vcxproj, EGenNullLoader.vcxproj, EGenTables.vcxproj, EGenTxnHarness.vcxproj, EGenValidate.vcxproj).  This can lead to incorrect clean and rebuild behavior.
     7>Done Building Project "C:\Users\Matija\Desktop\Fakultet\DiplomskiRad\korisno\tpce-benchmark-tools-main\tpc-e-tool\prj\VS2010\EGenLogger.vcxproj" (GetResolvedLinkLibs target(s)).
     1>Project "C:\Users\Matija\Desktop\Fakultet\DiplomskiRad\korisno\tpce-benchmark-tools-main\tpc-e-tool\prj\VS2010\EGenLoader.vcxproj" (1) is building "C:\Users\Matija\Desktop\Fakultet\DiplomskiRad\korisno\tpce-benchmark-tools-main\tpc-e-tool\prj\VS2010\EGenDriverMEELib.vcxproj" (6:3) on node 1 (GetResolvedLinkLibs target(s)).
     6>C:\Program Files (x86)\MSBuild\Microsoft.Cpp\v4.0\V120\Microsoft.CppBuild.targets(388,5): warning MSB8028: The intermediate directory (..\..\obj\Debug_Win32\) contains files shared from another project (EGenBaseLoader.vcxproj, EGenDriverCELib.vcxproj, EGenDriverDMLib.vcxproj, EGenFlatFileLoader.vcxproj, EGenGenerateAndLoad.vcxproj, EGenLoader.vcxproj, EGenLogger.vcxproj, EGenMSSQLLoader.vcxproj, EGenNullLoader.vcxproj, EGenTables.vcxproj, EGenTxnHarness.vcxproj, EGenValidate.vcxproj).  This can lead to incorrect clean and rebuild behavior.
     3>Done Building Project "C:\Users\Matija\Desktop\Fakultet\DiplomskiRad\korisno\tpce-benchmark-tools-main\tpc-e-tool\prj\VS2010\EGenFlatFileLoad.vcxproj" (GetResolvedLinkLibs target(s)).
     1>Project "C:\Users\Matija\Desktop\Fakultet\DiplomskiRad\korisno\tpce-benchmark-tools-main\tpc-e-tool\prj\VS2010\EGenLoader.vcxproj" (1) is building "C:\Users\Matija\Desktop\Fakultet\DiplomskiRad\korisno\tpce-benchmark-tools-main\tpc-e-tool\prj\VS2010\EGenMSSQLLoader.vcxproj" (4:3) on node 4 (GetResolvedLinkLibs target(s)).
     4>C:\Program Files (x86)\MSBuild\Microsoft.Cpp\v4.0\V120\Microsoft.CppBuild.targets(388,5): warning MSB8028: The intermediate directory (..\..\obj\Debug_Win32\) contains files shared from another project (EGenBaseLoader.vcxproj, EGenDriverCELib.vcxproj, EGenDriverDMLib.vcxproj, EGenDriverMEELib.vcxproj, EGenFlatFileLoader.vcxproj, EGenGenerateAndLoad.vcxproj, EGenLoader.vcxproj, EGenLogger.vcxproj, EGenNullLoader.vcxproj, EGenTables.vcxproj, EGenTxnHarness.vcxproj, EGenValidate.vcxproj).  This can lead to incorrect clean and rebuild behavior.
     6>Done Building Project "C:\Users\Matija\Desktop\Fakultet\DiplomskiRad\korisno\tpce-benchmark-tools-main\tpc-e-tool\prj\VS2010\EGenDriverMEELib.vcxproj" (GetResolvedLinkLibs target(s)).
     1>Project "C:\Users\Matija\Desktop\Fakultet\DiplomskiRad\korisno\tpce-benchmark-tools-main\tpc-e-tool\prj\VS2010\EGenLoader.vcxproj" (1) is building "C:\Users\Matija\Desktop\Fakultet\DiplomskiRad\korisno\tpce-benchmark-tools-main\tpc-e-tool\prj\VS2010\EGenTables.vcxproj" (9:3) on node 2 (GetResolvedLinkLibs target(s)).
     9>C:\Program Files (x86)\MSBuild\Microsoft.Cpp\v4.0\V120\Microsoft.CppBuild.targets(388,5): warning MSB8028: The intermediate directory (..\..\obj\Debug_Win32\) contains files shared from another project (EGenBaseLoader.vcxproj, EGenDriverCELib.vcxproj, EGenDriverDMLib.vcxproj, EGenDriverMEELib.vcxproj, EGenFlatFileLoader.vcxproj, EGenGenerateAndLoad.vcxproj, EGenLoader.vcxproj, EGenLogger.vcxproj, EGenMSSQLLoader.vcxproj, EGenNullLoader.vcxproj, EGenTxnHarness.vcxproj, EGenValidate.vcxproj).  This can lead to incorrect clean and rebuild behavior.
     1>Project "C:\Users\Matija\Desktop\Fakultet\DiplomskiRad\korisno\tpce-benchmark-tools-main\tpc-e-tool\prj\VS2010\EGenLoader.vcxproj" (1) is building "C:\Users\Matija\Desktop\Fakultet\DiplomskiRad\korisno\tpce-benchmark-tools-main\tpc-e-tool\prj\VS2010\EGenGenerateAndLoad.vcxproj" (8:3) on node 3 (GetResolvedLinkLibs target(s)).
     8>C:\Program Files (x86)\MSBuild\Microsoft.Cpp\v4.0\V120\Microsoft.CppBuild.targets(388,5): warning MSB8028: The intermediate directory (..\..\obj\Debug_Win32\) contains files shared from another project (EGenBaseLoader.vcxproj, EGenDriverCELib.vcxproj, EGenDriverDMLib.vcxproj, EGenDriverMEELib.vcxproj, EGenFlatFileLoader.vcxproj, EGenLoader.vcxproj, EGenLogger.vcxproj, EGenMSSQLLoader.vcxproj, EGenNullLoader.vcxproj, EGenTables.vcxproj, EGenTxnHarness.vcxproj, EGenValidate.vcxproj).  This can lead to incorrect clean and rebuild behavior.
     4>Done Building Project "C:\Users\Matija\Desktop\Fakultet\DiplomskiRad\korisno\tpce-benchmark-tools-main\tpc-e-tool\prj\VS2010\EGenMSSQLLoader.vcxproj" (GetResolvedLinkLibs target(s)).
     9>Done Building Project "C:\Users\Matija\Desktop\Fakultet\DiplomskiRad\korisno\tpce-benchmark-tools-main\tpc-e-tool\prj\VS2010\EGenTables.vcxproj" (GetResolvedLinkLibs target(s)).
     8>Done Building Project "C:\Users\Matija\Desktop\Fakultet\DiplomskiRad\korisno\tpce-benchmark-tools-main\tpc-e-tool\prj\VS2010\EGenGenerateAndLoad.vcxproj" (GetResolvedLinkLibs target(s)).
     1>Link:
         C:\Program Files (x86)\Microsoft Visual Studio 12.0\VC\bin\link.exe /ERRORREPORT:PROMPT /OUT:"..\..\bin\Debug_Win32\EGenLoader.exe" /INCREMENTAL /NOLOGO Odbcbcp.lib odbc32.lib kernel32.lib user32.lib gdi32.lib winspool.lib comdlg32.lib advapi32.lib shell32.lib ole32.lib oleaut32.lib uuid.lib odbc32.lib odbccp32.lib /MANIFEST /MANIFESTUAC:"level='asInvoker' uiAccess='false'" /manifest:embed /DEBUG /PDB:"..\..\bin\Debug_Win32\EGenLoader.pdb" /SUBSYSTEM:CONSOLE /TLBID:1 /DYNAMICBASE:NO /IMPLIB:"..\..\bin\Debug_Win32\EGenLoader.lib" /MACHINE:X86 /SAFESEH ..\..\obj\Debug_Win32\EGenLoader.obj
         "C:\Users\Matija\Desktop\Fakultet\DiplomskiRad\korisno\tpce-benchmark-tools-main\tpc-e-tool\Utilities\lib\Debug_Win32\EGenUtilities.lib"
         "C:\Users\Matija\Desktop\Fakultet\DiplomskiRad\korisno\tpce-benchmark-tools-main\tpc-e-tool\InputFiles\lib\Debug_Win32\EGenInputFiles.lib"
         "C:\Users\Matija\Desktop\Fakultet\DiplomskiRad\korisno\tpce-benchmark-tools-main\tpc-e-tool\lib\Debug_Win32\EGenDriverMEELib.lib"
         "C:\Users\Matija\Desktop\Fakultet\DiplomskiRad\korisno\tpce-benchmark-tools-main\tpc-e-tool\lib\Debug_Win32\EGenFlatFileLoader.lib"
         "C:\Users\Matija\Desktop\Fakultet\DiplomskiRad\korisno\tpce-benchmark-tools-main\tpc-e-tool\lib\Debug_Win32\EGenTables.lib"
         "C:\Users\Matija\Desktop\Fakultet\DiplomskiRad\korisno\tpce-benchmark-tools-main\tpc-e-tool\lib\Debug_Win32\EGenGenerateAndLoad.lib"
         "C:\Users\Matija\Desktop\Fakultet\DiplomskiRad\korisno\tpce-benchmark-tools-main\tpc-e-tool\lib\Debug_Win32\EGenLogger.lib"
         "C:\Users\Matija\Desktop\Fakultet\DiplomskiRad\korisno\tpce-benchmark-tools-main\tpc-e-tool\lib\Debug_Win32\EGenMSSQLLoader.lib"
     1>LINK : fatal error LNK1168: cannot open ..\..\bin\Debug_Win32\EGenLoader.exe for writing
     1>Done Building Project "C:\Users\Matija\Desktop\Fakultet\DiplomskiRad\korisno\tpce-benchmark-tools-main\tpc-e-tool\prj\VS2010\EGenLoader.vcxproj" (Build target(s)) -- FAILED.

Build FAILED.

Time Elapsed 00:00:03.24
